[2013-10-18 22:00:05,333] INFO  [NetConnectionPool.initializer] Connection pool loaded.  
[2013-10-18 22:00:05,338] INFO  [NetConnectionPool.initializer] Connection pool loaded.  
[2013-10-18 22:00:05,339] WARN  [ResourceFactory.loadPlugin] null
CLASS [com.nabsys.process.ResourceFactory                ] METHOD [loadPlugin          ] LINE [572  ]
CLASS [com.nabsys.process.ResourceFactory                ] METHOD [<init>              ] LINE [62   ]
CLASS [com.nabsys.process.instance.InstanceApp           ] METHOD [main                ] LINE [76   ]  
[2013-10-18 22:00:05,369] INFO  [InstanceApp.main] 어플리케이션 매니져를 로딩합니다..  
[2013-10-18 22:00:05,375] INFO  [InternalCommunicator.runWorker] 내부 프로세스 커뮤니케이터가 시작되었습니다.  
[2013-10-18 22:00:06,432] INFO  [MessageQueueManager.runWorker] 메시지큐 매니져가 실행되었습니다.  
[2013-10-18 22:00:06,457] INFO  [InternalCommunicator.runWorker] 서비스 리스너를 시작하였습니다.  
[2013-10-18 22:00:06,459] INFO  [InternalCommunicator.runWorker] 인스턴스 로딩을 완료 하였습니다. 서비스 준비가 완료 되었습니다.  
[2013-10-18 22:00:06,459] INFO  [BatchManager.runWorker] 배치 매니져가 실행되었습니다.  
[2013-10-18 22:04:07,629] INFO  [InternalCommunicator.runWorker] 내부 프로세스 커뮤니케이터가 종료되었습니다.  
[2013-10-18 22:04:07,647] ERROR [MessageQueueManager.finalize] 메시지 큐 저장에 실패했습니다.  
[2013-10-18 22:04:07,648] ERROR [MessageQueueManager.finalize] data\ReadByLengthFieldQUE.DAT (시스템에서 파일에 액세스할 수 없습니다)
CLASS [java.io.FileOutputStream                          ] METHOD [open                ] LINE [-2   ]
CLASS [java.io.FileOutputStream                          ] METHOD [<init>              ] LINE [221  ]
CLASS [java.io.FileOutputStream                          ] METHOD [<init>              ] LINE [171  ]
CLASS [com.nabsys.common.fileio.ObjectFileIO             ] METHOD [saveObject          ] LINE [35   ]
CLASS [com.nabsys.process.instance.messagequeue.MessageQueueManager] METHOD [finalize            ] LINE [275  ]
CLASS [com.nabsys.process.instance.messagequeue.MessageQueueManager] METHOD [runWorker           ] LINE [224  ]
CLASS [com.nabsys.process.instance.InstanceThread        ] METHOD [run                 ] LINE [80   ]  
[2013-10-18 22:04:07,648] INFO  [MessageQueueManager.runWorker] 메시지큐 매니져가 종료되었습니다.  
[2013-10-18 22:04:07,661] INFO  [BatchManager.runWorker] 배치 매니져가 종료되었습니다.  
[2013-10-18 22:04:07,765] INFO  [NetConnectionPool.finalizer] Connection pool terminated.  
[2013-10-18 22:04:07,765] INFO  [NetConnectionPool.finalizer] Connection pool terminated.  
[2013-10-18 22:04:07,766] INFO  [InstanceRuntime$1.run] 인스턴스가 종료되었습니다.  
