/*C10*/SET SCHEMA PUBLIC
DISCONNECT
/*C11*/SET SCHEMA PUBLIC
CREATE CACHED TABLE IF NOT EXISTS PUBLIC.INSTANCE(ID VARCHAR(50) NOT NULL,SYSTEM_HEADER_ID VARCHAR(50),USE_TELEGRAM_CACHE CHAR(5),USE_COMPONENT_CACHE CHAR(5),USE_QUERY_CACHE CHAR(5),USE_SERVICE_CACHE CHAR(5),SERVICE_PORT INTEGER,BUFFER_SIZE INTEGER,READ_TIMEOUT INTEGER,MAX_CLIENTS INTEGER,SERVER_ENCODING VARCHAR(30),TIME_LOCALE VARCHAR(30),CLASS_PATH VARCHAR(2000),JAVA_HOME VARCHAR(300),SYSTEM_PATH VARCHAR(300),SYSTEM_ENCODING VARCHAR(30),FILE_ENCODING VARCHAR(30),LOG_CONFIG_PATH VARCHAR(300),LOAD_ON_STARTUP CHAR(5),EXTRA_LOAD_PARAMS VARCHAR(300),LENGTH_FIELD_ID VARCHAR(50),ID_FIELD_ID VARCHAR(50),PRIMARY KEY(ID))
CREATE CACHED TABLE IF NOT EXISTS PUBLIC.USER (ID VARCHAR(50) NOT NULL PRIMARY KEY, NAME VARCHAR(50) NOT NULL, PW VARCHAR(100) NOT NULL,AUTH VARCHAR(20),PHONE VARCHAR(20),ACTIVATION CHAR(5))
DELETE FROM USER WHERE ID='FlexibleTest'
DELETE FROM USER WHERE ID='PMS'
DELETE FROM USER WHERE ID='ReadByLengthField'
COMMIT
CREATE CACHED TABLE IF NOT EXISTS PUBLIC.TELEGRAM(INSTANCE VARCHAR(50) NOT NULL,ID VARCHAR(50) NOT NULL,NAME VARCHAR(50) NOT NULL,HEADER_ID VARCHAR(50),LOG_LEVEL CHAR(1) NOT NULL,REMARK VARCHAR(200),PRIMARY KEY(INSTANCE, ID))
CREATE CACHED TABLE IF NOT EXISTS PUBLIC.TELEGRAM_FIELDS(INSTANCE VARCHAR(50) NOT NULL,TELEGRAM_ID VARCHAR(50) NOT NULL,ID VARCHAR(50) NOT NULL,NAME VARCHAR(50) NOT NULL,INDEX INTEGER NOT NULL, LENGTH INTEGER NOT NULL,MANDATORY CHAR(5) NOT NULL,PADDING CHAR(1) NOT NULL,ALIGN CHAR(1) NOT NULL,TYPE CHAR(1) NOT NULL,REMARK VARCHAR(200),PRIMARY KEY(INSTANCE, TELEGRAM_ID, ID),FOREIGN KEY(INSTANCE, TELEGRAM_ID) REFERENCES TELEGRAM(INSTANCE, ID))
CREATE CACHED TABLE IF NOT EXISTS PUBLIC.TELEGRAM_H(INSTANCE VARCHAR(50) NOT NULL,ID VARCHAR(50) NOT NULL,MODIFY_TIME TIMESTAMP NOT NULL,NAME VARCHAR(50) NOT NULL,HEADER_ID VARCHAR(50),LOG_LEVEL CHAR(1) NOT NULL,REMARK VARCHAR(200),PRIMARY KEY(INSTANCE, ID, MODIFY_TIME))
CREATE CACHED TABLE IF NOT EXISTS PUBLIC.TELEGRAM_FIELDS_H(INSTANCE VARCHAR(50) NOT NULL,TELEGRAM_ID VARCHAR(50) NOT NULL,ID VARCHAR(50) NOT NULL, MODIFY_TIME TIMESTAMP NOT NULL,NAME VARCHAR(50) NOT NULL,INDEX INTEGER NOT NULL, LENGTH INTEGER NOT NULL,MANDATORY CHAR(5) NOT NULL,PADDING CHAR(1) NOT NULL,ALIGN CHAR(1) NOT NULL,TYPE CHAR(1) NOT NULL,REMARK VARCHAR(200),PRIMARY KEY(INSTANCE, TELEGRAM_ID, MODIFY_TIME, ID),FOREIGN KEY(INSTANCE, TELEGRAM_ID, MODIFY_TIME) REFERENCES TELEGRAM_H(INSTANCE, ID, MODIFY_TIME))
CREATE CACHED TABLE IF NOT EXISTS PUBLIC.COMPONENT (INSTANCE VARCHAR(50) NOT NULL,ID VARCHAR(50) NOT NULL,NAME VARCHAR(100) NOT NULL,CLASS_NAME VARCHAR(200) NOT NULL,FILE_PATH VARCHAR(300) NOT NULL,SHARE CHAR(5) NOT NULL,PRIMARY KEY(INSTANCE,ID))
CREATE CACHED TABLE IF NOT EXISTS PUBLIC.COMPONENT_H (INSTANCE VARCHAR(50) NOT NULL,ID VARCHAR(50) NOT NULL,MODIFY_TIME TIMESTAMP NOT NULL,NAME VARCHAR(100) NOT NULL,CLASS_NAME VARCHAR(200) NOT NULL,FILE_PATH VARCHAR(300) NOT NULL,SHARE CHAR(5) NOT NULL,PRIMARY KEY(INSTANCE,ID,MODIFY_TIME))
CREATE CACHED TABLE IF NOT EXISTS PUBLIC.SERVICE (INSTANCE VARCHAR(50) NOT NULL,ID VARCHAR(100) NOT NULL,NAME VARCHAR(100) NOT NULL,TYPE VARCHAR(20) NOT NULL,REMARK VARCHAR(200) NOT NULL,SERVICE_DESIGN BLOB,ACTIVATE CHAR(5) NOT NULL,PRIMARY KEY(INSTANCE, ID))
CREATE CACHED TABLE IF NOT EXISTS  PUBLIC.SERVICE_H (INSTANCE VARCHAR(50) NOT NULL,ID VARCHAR(100) NOT NULL,MODIFY_TIME TIMESTAMP NOT NULL,NAME VARCHAR(100) NOT NULL,TYPE VARCHAR(20) NOT NULL,REMARK VARCHAR(200) NOT NULL,SERVICE_DESIGN BLOB,ACTIVATE CHAR(5) NOT NULL,PRIMARY KEY(INSTANCE, ID, MODIFY_TIME))
CREATE CACHED TABLE IF NOT EXISTS  PUBLIC.SQL_STORAGE (INSTANCE VARCHAR(50) NOT NULL,ID VARCHAR(300) NOT NULL,LEVEL INTEGER NOT NULL, TYPE VARCHAR(10) NOT NULL,NEED_PARAM CHAR(5) NOT NULL, CONTENTS VARCHAR(10000),TAG_DOCUMENT BLOB ,PRIMARY KEY(INSTANCE, ID))
CREATE CACHED TABLE IF NOT EXISTS  PUBLIC.SQL_STORAGE_H (INSTANCE VARCHAR(50) NOT NULL,ID VARCHAR(300) NOT NULL,MODIFY_TIME TIMESTAMP NOT NULL,LEVEL INTEGER NOT NULL, TYPE VARCHAR(10) NOT NULL,NEED_PARAM CHAR(5) NOT NULL,CONTENTS VARCHAR(10000),PRIMARY KEY(INSTANCE, ID, MODIFY_TIME))
CREATE CACHED TABLE IF NOT EXISTS PUBLIC.USER_ACCESS_LIST(INSTANCE VARCHAR(50) NOT NULL,USER_ID VARCHAR(50) NOT NULL,FOREIGN KEY(INSTANCE) REFERENCES INSTANCE(ID),FOREIGN KEY(USER_ID) REFERENCES USER(ID))
CREATE CACHED TABLE IF NOT EXISTS PUBLIC.PLUGIN_LIST(INSTANCE VARCHAR(50) NOT NULL,PLUGIN_NAME VARCHAR(100) NOT NULL,FOREIGN KEY(INSTANCE) REFERENCES INSTANCE(ID))
INSERT INTO USER VALUES('FlexibleTest','FlexibleTest','1A5669CF95EE181333C44D414CE9B266','Instance','','true ')
COMMIT
/*C13*/SET SCHEMA PUBLIC
DISCONNECT
/*C12*/SET SCHEMA PUBLIC
DISCONNECT
/*C11*/INSERT INTO USER VALUES('PMS','PMS','4D1EEAE6EC915F3880AC9FF8D55CFB','Instance','','true ')
COMMIT
/*C16*/SET SCHEMA PUBLIC
DISCONNECT
/*C15*/SET SCHEMA PUBLIC
DISCONNECT
/*C11*/INSERT INTO USER VALUES('ReadByLengthField','ReadByLengthField','4BFD1945981FE0F27D21588057EAD9E5','Instance','','true ')
COMMIT
/*C19*/SET SCHEMA PUBLIC
DISCONNECT
/*C18*/SET SCHEMA PUBLIC
DISCONNECT
